{"level":"info","message":"El docente Iriz Yazmin Silva ha iniciado sesion","timestamp":"07-08-2023 14:32:57"}
{"level":"info","message":"Iriz Yazmin Silva ha entrado a ver las materias que imparte","timestamp":"07-08-2023 14:33:03"}
{"level":"info","message":"Iriz Yazmin Silva ha entrado a ver las materias que imparte","timestamp":"07-08-2023 14:33:12"}
{"level":"info","message":"Iriz Yazmin Silva ha entrado a ver las materias que imparte","timestamp":"07-08-2023 14:33:13"}
{"level":"info","message":"Iriz Yazmin Silva ha entrado a ver las materias que imparte","timestamp":"07-08-2023 14:33:14"}
{"level":"info","message":"Iriz Yazmin Silva ha entrado a ver las materias que imparte","timestamp":"07-08-2023 14:33:16"}
{"level":"info","message":"Iriz Yazmin Silva ha entrado a ver las materias que imparte","timestamp":"07-08-2023 14:33:19"}
{"level":"info","message":"Iriz Yazmin Silva ha entrado a ver las materias que imparte","timestamp":"07-08-2023 14:33:21"}
{"level":"info","message":"Iriz Yazmin Silva ha entrado a ver las materias que imparte","timestamp":"07-08-2023 14:33:22"}
{"level":"info","message":"Iriz Yazmin Silva ha entrado a ver las materias que imparte","timestamp":"07-08-2023 14:33:23"}
{"level":"info","message":"Iriz Yazmin Silva ha entrado a ver las materias que imparte","timestamp":"07-08-2023 14:33:24"}
{"level":"info","message":"Iriz Yazmin Silva ha entrado a ver las materias que imparte","timestamp":"07-08-2023 14:33:25"}
{"level":"info","message":"Iriz Yazmin Silva ha entrado a ver las materias que imparte","timestamp":"07-08-2023 14:33:26"}
{"level":"info","message":"Iriz Yazmin Silva ha entrado a ver las materias que imparte","timestamp":"07-08-2023 14:33:27"}
{"level":"info","message":"Iriz Yazmin Silva ha entrado a ver las materias que imparte","timestamp":"07-08-2023 14:34:14"}
{"level":"info","message":"Iriz Yazmin Silva ha entrado a ver las materias que imparte","timestamp":"07-08-2023 14:34:26"}
{"level":"info","message":"El docente Iriz Yazmin Silva está viendo su materia null","timestamp":"07-08-2023 14:34:28"}
{"level":"info","message":"Iriz Yazmin Silva ha entrado a ver las materias que imparte","timestamp":"07-08-2023 14:34:31"}
{"level":"info","message":"Iriz Yazmin Silva ha entrado a ver las materias que imparte","timestamp":"07-08-2023 14:35:47"}
{"level":"info","message":"El docente Iriz Yazmin Silva está viendo su materia null","timestamp":"07-08-2023 14:35:48"}
{"level":"info","message":"El docente Iriz Yazmin Silva está viendo su materia null","timestamp":"07-08-2023 14:36:04"}
{"level":"info","message":"Iriz Yazmin Silva ha entrado a ver las materias que imparte","timestamp":"07-08-2023 14:37:05"}
{"level":"info","message":"Iriz Yazmin Silva ha entrado a ver las materias que imparte","timestamp":"07-08-2023 14:37:31"}
{"level":"info","message":"Iriz Yazmin Silva ha entrado a ver las materias que imparte","timestamp":"07-08-2023 14:37:43"}
{"level":"info","message":"Iriz Yazmin Silva ha entrado a ver las materias que imparte","timestamp":"07-08-2023 14:40:29"}
{"level":"info","message":"El coordinador Henrry Francisco Bourgeot ha cerrado sesión","timestamp":"07-08-2023 16:19:44"}
{"level":"info","message":"El coordinador Hilda Aurora Silva ha iniciado sesion","timestamp":"07-08-2023 16:20:02"}
{"level":"info","message":"Hilda Aurora Silva ha entrado a registrar una nueva materia","timestamp":"07-08-2023 16:20:07"}
{"level":"info","message":"Hilda Aurora Silva ha entrado a registrar una nueva materia","timestamp":"07-08-2023 16:20:39"}
{"level":"info","message":"Hilda Aurora Silva ha entrado a registrar una nueva materia","timestamp":"07-08-2023 16:28:29"}
{"level":"info","message":"El super usuario Henrry Francisco Bourgeot ha iniciado sesion","timestamp":"07-08-2023 17:08:36"}
{"level":"info","message":"Henrry Francisco Bourgeot va a ver, editar y/o crear carreras","timestamp":"07-08-2023 17:46:48"}
{"level":"info","message":"Henrry Francisco Bourgeot va a ver, editar y/o crear carreras","timestamp":"07-08-2023 17:51:49"}
{"level":"info","message":"Henrry Francisco Bourgeot va a ver, editar y/o crear carreras","timestamp":"07-08-2023 17:53:57"}
{"level":"info","message":"Henrry Francisco Bourgeot va a ver, editar y/o crear carreras","timestamp":"07-08-2023 18:02:06"}
{"level":"info","message":"Henrry Francisco Bourgeot va a ver, editar y/o crear carreras","timestamp":"07-08-2023 18:11:51"}
{"level":"info","message":"Henrry Francisco Bourgeot va a ver, editar y/o crear carreras","timestamp":"07-08-2023 18:11:51"}
{"level":"info","message":"Henrry Francisco Bourgeot va a ver, editar y/o crear carreras","timestamp":"07-08-2023 18:15:42"}
{"level":"info","message":"Henrry Francisco Bourgeot va a ver, editar y/o crear carreras","timestamp":"07-08-2023 18:15:42"}
{"level":"info","message":"Henrry Francisco Bourgeot va a ver, editar y/o crear carreras","timestamp":"07-08-2023 18:23:40"}
{"level":"info","message":"Henrry Francisco Bourgeot ha editado la carrera 6","timestamp":"07-08-2023 18:25:40"}
{"level":"info","message":"Henrry Francisco Bourgeot va a ver, editar y/o crear carreras","timestamp":"07-08-2023 18:25:40"}
{"level":"info","message":"Henrry Francisco Bourgeot ha agregado una nueva carrera","timestamp":"07-08-2023 18:26:51"}
{"level":"info","message":"Henrry Francisco Bourgeot va a ver, editar y/o crear carreras","timestamp":"07-08-2023 18:26:51"}
{"level":"info","message":"El coordinador Henrry Francisco Bourgeot ha cerrado sesión","timestamp":"07-08-2023 18:26:57"}
{"level":"info","message":"El coordinador Hilda Aurora Silva ha iniciado sesion","timestamp":"07-08-2023 18:27:14"}
{"level":"info","message":"Hilda Aurora Silva ha entrado a ver las materias","timestamp":"07-08-2023 18:27:17"}
{"level":"info","message":"Hilda Aurora Silva ha entrado a ver las materias","timestamp":"07-08-2023 18:29:15"}
{"level":"info","message":"El coordinador Hilda Aurora Silva ha cerrado sesión","timestamp":"07-08-2023 18:29:27"}
